<?xml version="1.0" encoding="UTF-8"?>
<!-- Generated by org.testng.reporters.JUnitReportReporter -->
<testsuite hostname="jerry2016" name="org.lvzr.fast.test.powermock.BactchConvertorTestngTest" tests="2" failures="0" timestamp="2 May 2017 04:11:28 GMT" time="0.159" errors="0">
  <testcase name="testNormalMock" time="0.153" classname="org.lvzr.fast.test.powermock.BactchConvertorTestngTest"/>
  <testcase name="testStaticMock" time="0.006" classname="org.lvzr.fast.test.powermock.BactchConvertorTestngTest"/>
</testsuite> <!-- org.lvzr.fast.test.powermock.BactchConvertorTestngTest -->
