<?xml version="1.0" encoding="UTF-8"?>
<!-- Generated by org.testng.reporters.JUnitReportReporter -->
<testsuite hostname="jerry2016" name="org.lvzr.fast.test.testng.AggrCaculatorTest" tests="2" failures="0" timestamp="2 May 2017 01:44:47 GMT" time="0.005" errors="0">
  <testcase name="testMax" time="0.001" classname="org.lvzr.fast.test.testng.AggrCaculatorTest"/>
  <testcase name="testAvg" time="0.004" classname="org.lvzr.fast.test.testng.AggrCaculatorTest"/>
</testsuite> <!-- org.lvzr.fast.test.testng.AggrCaculatorTest -->
