<?xml version="1.0" encoding="UTF-8"?>
<!-- Generated by org.testng.reporters.JUnitReportReporter -->
<testsuite hostname="jerry2016" name="org.lvzr.fast.test.powermock.BactchConvertorTest" tests="1" failures="1" timestamp="2 May 2017 03:56:37 GMT" time="0.108" errors="0">
  <testcase name="testStaticMock" time="0.108" classname="org.lvzr.fast.test.powermock.BactchConvertorTest">
    <failure type="java.lang.ExceptionInInitializerError">
      <![CDATA[java.lang.ExceptionInInitializerError
	at org.mockito.internal.exceptions.stacktrace.ConditionalStackTraceFilter.<init>(ConditionalStackTraceFilter.java:17)
	at org.mockito.exceptions.base.MockitoException.filterStackTrace(MockitoException.java:41)
	at org.mockito.exceptions.base.MockitoException.<init>(MockitoException.java:30)
	at org.mockito.exceptions.misusing.MockitoConfigurationException.<init>(MockitoConfigurationException.java:18)
	at org.mockito.internal.configuration.ClassPathLoader.loadImplementations(ClassPathLoader.java:163)
	at org.mockito.internal.configuration.ClassPathLoader.findPluginImplementation(ClassPathLoader.java:119)
	at org.mockito.internal.configuration.ClassPathLoader.findPlatformMockMaker(ClassPathLoader.java:110)
	at org.mockito.internal.configuration.ClassPathLoader.<clinit>(ClassPathLoader.java:63)
	at org.mockito.internal.util.MockUtil.<clinit>(MockUtil.java:23)
	at org.mockito.internal.configuration.injection.scanner.MockScanner.<init>(MockScanner.java:22)
	at org.mockito.internal.configuration.InjectingAnnotationEngine.injectMocks(InjectingAnnotationEngine.java:96)
	at org.powermock.api.mockito.internal.configuration.PowerMockitoInjectingAnnotationEngine.process(PowerMockitoInjectingAnnotationEngine.java:35)
	at org.powermock.api.extension.listener.AnnotationEnabler.injectSpiesAndInjectToSetters(AnnotationEnabler.java:60)
	at org.powermock.api.extension.listener.AnnotationEnabler.beforeTestMethod(AnnotationEnabler.java:55)
	at sun.reflect.NativeMethodAccessorImpl.invoke0(Native Method)
	at sun.reflect.NativeMethodAccessorImpl.invoke(NativeMethodAccessorImpl.java:62)
	at sun.reflect.DelegatingMethodAccessorImpl.invoke(DelegatingMethodAccessorImpl.java:43)
	at java.lang.reflect.Method.invoke(Method.java:498)
	at org.powermock.reflect.internal.WhiteboxImpl.performMethodInvocation(WhiteboxImpl.java:1873)
	at org.powermock.reflect.internal.WhiteboxImpl.invokeMethod(WhiteboxImpl.java:663)
	at org.powermock.reflect.Whitebox.invokeMethod(Whitebox.java:415)
	at org.powermock.modules.testng.internal.PowerMockTestNGMethodHandler.injectMocksUsingAnnotationEnabler(PowerMockTestNGMethodHandler.java:75)
	at org.powermock.modules.testng.internal.PowerMockTestNGMethodHandler.invoke(PowerMockTestNGMethodHandler.java:47)
	at org.lvzr.fast.test.powermock.BactchConvertorTest_$$_jvst4f0_0.testStaticMock(BactchConvertorTest_$$_jvst4f0_0.java)
	at sun.reflect.NativeMethodAccessorImpl.invoke0(Native Method)
	at sun.reflect.NativeMethodAccessorImpl.invoke(NativeMethodAccessorImpl.java:62)
	at sun.reflect.DelegatingMethodAccessorImpl.invoke(DelegatingMethodAccessorImpl.java:43)
	at java.lang.reflect.Method.invoke(Method.java:498)
	at org.testng.internal.MethodInvocationHelper.invokeMethod(MethodInvocationHelper.java:84)
	at org.testng.internal.Invoker.invokeMethod(Invoker.java:714)
	at org.testng.internal.Invoker.invokeTestMethod(Invoker.java:901)
	at org.testng.internal.Invoker.invokeTestMethods(Invoker.java:1231)
	at org.testng.internal.TestMethodWorker.invokeTestMethods(TestMethodWorker.java:127)
	at org.testng.internal.TestMethodWorker.run(TestMethodWorker.java:111)
	at org.testng.TestRunner.privateRun(TestRunner.java:767)
	at org.testng.TestRunner.run(TestRunner.java:617)
	at org.testng.SuiteRunner.runTest(SuiteRunner.java:335)
	at org.testng.SuiteRunner.runSequentially(SuiteRunner.java:330)
	at org.testng.SuiteRunner.privateRun(SuiteRunner.java:291)
	at org.testng.SuiteRunner.run(SuiteRunner.java:240)
	at org.testng.SuiteRunnerWorker.runSuite(SuiteRunnerWorker.java:52)
	at org.testng.SuiteRunnerWorker.run(SuiteRunnerWorker.java:86)
	at org.testng.TestNG.runSuitesSequentially(TestNG.java:1224)
	at org.testng.TestNG.runSuitesLocally(TestNG.java:1149)
	at org.testng.TestNG.run(TestNG.java:1057)
	at org.testng.remote.RemoteTestNG.run(RemoteTestNG.java:111)
	at org.testng.remote.RemoteTestNG.initAndRun(RemoteTestNG.java:204)
	at org.testng.remote.RemoteTestNG.main(RemoteTestNG.java:175)
Caused by: java.lang.NullPointerException
	at org.mockito.internal.exceptions.stacktrace.StackTraceFilter.<clinit>(StackTraceFilter.java:21)
	... 48 more
]]>
    </failure>
  </testcase> <!-- testStaticMock -->
</testsuite> <!-- org.lvzr.fast.test.powermock.BactchConvertorTest -->
